== Load her2st section B1 ==
  269 spots, 15 HVGs, cancer rate 23%

== (1) neighbor_sum vs brute-force dense rule ==
  max |c_hash - c_brute| = 0   (must be 0)
  PASS: grid-hash reproduces the dense dist<=1 neighbor sum exactly.

== (2) VI fit: dense vs sparse (speed) ==
Chain 1: ------------------------------------------------------------
Chain 1: EXPERIMENTAL ALGORITHM:
Chain 1:   This procedure has not been thoroughly tested and may be unstable
Chain 1:   or buggy. The interface is subject to change.
Chain 1: ------------------------------------------------------------
Chain 1: 
Chain 1: 
Chain 1: 
Chain 1: Gradient evaluation took 0.003534 seconds
Chain 1: 1000 transitions using 10 leapfrog steps per transition would take 35.34 seconds.
Chain 1: Adjust your expectations accordingly!
Chain 1: 
Chain 1: 
Chain 1: Begin eta adaptation.
Chain 1: Iteration:   1 / 250 [  0%]  (Adaptation)
Chain 1: Iteration:  50 / 250 [ 20%]  (Adaptation)
Chain 1: Iteration: 100 / 250 [ 40%]  (Adaptation)
Chain 1: Iteration: 150 / 250 [ 60%]  (Adaptation)
Chain 1: Iteration: 200 / 250 [ 80%]  (Adaptation)
Chain 1: Iteration: 250 / 250 [100%]  (Adaptation)
Chain 1: Success! Found best value [eta = 0.1].
Chain 1: 
Chain 1: Begin stochastic gradient ascent.
Chain 1:   iter             ELBO   delta_ELBO_mean   delta_ELBO_med   notes 
Chain 1:    100      -151016.574             1.000            1.000
Chain 1:    200      -150768.073             0.501            1.000
Chain 1:    300      -150672.278             0.334            0.002
Chain 1:    400      -150642.072             0.001            0.001
Chain 1:    500      -150619.349             0.000            0.000
Chain 1:    600      -150605.461             0.000            0.000
Chain 1:    700      -150599.961             0.000            0.000
Chain 1:    800      -150597.376             0.000            0.000
Chain 1:    900      -150596.178             0.000            0.000
Chain 1:   1000      -150594.970             0.000            0.000   MEDIAN ELBO CONVERGED
Chain 1: 
Chain 1: Drawing a sample of size 1000 from the approximate posterior... 
Chain 1: COMPLETED.
警告: Pareto k diagnostic value is 1.1. Resampling is disabled. Decreasing tol_rel_obj may help if variational algorithm has terminated prematurely. Otherwise consider using sampling instead.
Chain 1: ------------------------------------------------------------
Chain 1: EXPERIMENTAL ALGORITHM:
Chain 1:   This procedure has not been thoroughly tested and may be unstable
Chain 1:   or buggy. The interface is subject to change.
Chain 1: ------------------------------------------------------------
Chain 1: 
Chain 1: 
Chain 1: 
Chain 1: Gradient evaluation took 4.6e-05 seconds
Chain 1: 1000 transitions using 10 leapfrog steps per transition would take 0.46 seconds.
Chain 1: Adjust your expectations accordingly!
Chain 1: 
Chain 1: 
Chain 1: Begin eta adaptation.
Chain 1: Iteration:   1 / 250 [  0%]  (Adaptation)
Chain 1: Iteration:  50 / 250 [ 20%]  (Adaptation)
Chain 1: Iteration: 100 / 250 [ 40%]  (Adaptation)
Chain 1: Iteration: 150 / 250 [ 60%]  (Adaptation)
Chain 1: Iteration: 200 / 250 [ 80%]  (Adaptation)
Chain 1: Iteration: 250 / 250 [100%]  (Adaptation)
Chain 1: Success! Found best value [eta = 0.1].
Chain 1: 
Chain 1: Begin stochastic gradient ascent.
Chain 1:   iter             ELBO   delta_ELBO_mean   delta_ELBO_med   notes 
Chain 1:    100         -548.184             1.000            1.000
Chain 1:    200         -299.683             0.915            1.000
Chain 1:    300         -203.888             0.766            0.829
Chain 1:    400         -173.682             0.491            0.470
Chain 1:    500         -150.959             0.265            0.174
Chain 1:    600         -137.071             0.142            0.151
Chain 1:    700         -131.571             0.098            0.101
Chain 1:    800         -128.986             0.054            0.042
Chain 1:    900         -127.788             0.024            0.020
Chain 1:   1000         -126.580             0.013            0.010
Chain 1:   1100         -125.830             0.008            0.009
Chain 1:   1200         -125.331             0.006            0.006
Chain 1:   1300         -124.593             0.005            0.006
Chain 1:   1400         -123.632             0.006            0.006
Chain 1:   1500         -125.455             0.009            0.008
Chain 1:   1600         -124.675             0.010            0.008
Chain 1:   1700         -124.038             0.009            0.006
Chain 1:   1800         -123.795             0.004            0.005
Chain 1:   1900         -124.890             0.005            0.005
Chain 1:   2000         -124.283             0.005            0.005
Chain 1:   2100         -123.328             0.007            0.008
Chain 1:   2200         -123.776             0.005            0.005
Chain 1:   2300         -123.779             0.004            0.004
Chain 1:   2400         -123.705             0.001            0.001
Chain 1:   2500         -123.373             0.001            0.001
Chain 1:   2600         -124.353             0.004            0.003
Chain 1:   2700         -123.714             0.005            0.005
Chain 1:   2800         -123.903             0.005            0.005
Chain 1:   2900         -123.613             0.003            0.002
Chain 1:   3000         -123.734             0.002            0.002
Chain 1: Informational Message: The maximum number of iterations is reached! The algorithm may not have converged.
Chain 1: This variational approximation is not guaranteed to be meaningful.
Chain 1: 
Chain 1: Drawing a sample of size 1000 from the approximate posterior... 
Chain 1: COMPLETED.
  wall-clock (compile+fit): dense = 23.6s  sparse = 16.4s  (1.45x)
  NOTE: dense's N^2-repeated uniform priors inflate the ELBO magnitude (~1.5e5),
        so VI's *relative* tol triggers PREMATURE convergence; sparse ELBO (~1.2e2)
        optimizes honestly. Hence VI point estimates need not match -> use NUTS below.

== (3) NUTS equivalence: dense vs sparse target the SAME posterior ==

SAMPLING FOR MODEL 'anon_model' NOW (CHAIN 1).

SAMPLING FOR MODEL 'anon_model' NOW (CHAIN 2).
Chain 1: 
Chain 1: Gradient evaluation took 0.00426 seconds
Chain 1: 1000 transitions using 10 leapfrog steps per transition would take 42.6 seconds.
Chain 1: Adjust your expectations accordingly!
Chain 1: 
Chain 1: 
Chain 2: 
Chain 2: Gradient evaluation took 0.004347 seconds
Chain 2: 1000 transitions using 10 leapfrog steps per transition would take 43.47 seconds.
Chain 2: Adjust your expectations accordingly!
Chain 2: 
Chain 2: 
Chain 1: Iteration:   1 / 600 [  0%]  (Warmup)
Chain 2: Iteration:   1 / 600 [  0%]  (Warmup)
Chain 2: Iteration:  60 / 600 [ 10%]  (Warmup)
Chain 1: Iteration:  60 / 600 [ 10%]  (Warmup)
Chain 2: Iteration: 120 / 600 [ 20%]  (Warmup)
Chain 1: Iteration: 120 / 600 [ 20%]  (Warmup)
Chain 2: Iteration: 180 / 600 [ 30%]  (Warmup)
Chain 1: Iteration: 180 / 600 [ 30%]  (Warmup)
Chain 2: Iteration: 240 / 600 [ 40%]  (Warmup)
Chain 1: Iteration: 240 / 600 [ 40%]  (Warmup)
Chain 2: Iteration: 300 / 600 [ 50%]  (Warmup)
Chain 2: Iteration: 301 / 600 [ 50%]  (Sampling)
Chain 1: Iteration: 300 / 600 [ 50%]  (Warmup)
Chain 1: Iteration: 301 / 600 [ 50%]  (Sampling)
Chain 2: Iteration: 360 / 600 [ 60%]  (Sampling)
Chain 1: Iteration: 360 / 600 [ 60%]  (Sampling)
Chain 2: Iteration: 420 / 600 [ 70%]  (Sampling)
Chain 1: Iteration: 420 / 600 [ 70%]  (Sampling)
Chain 2: Iteration: 480 / 600 [ 80%]  (Sampling)
Chain 1: Iteration: 480 / 600 [ 80%]  (Sampling)
Chain 2: Iteration: 540 / 600 [ 90%]  (Sampling)
Chain 1: Iteration: 540 / 600 [ 90%]  (Sampling)
Chain 2: Iteration: 600 / 600 [100%]  (Sampling)
Chain 2: 
Chain 2:  Elapsed Time: 25.92 seconds (Warm-up)
Chain 2:                22.253 seconds (Sampling)
Chain 2:                48.173 seconds (Total)
Chain 2: 
Chain 1: Iteration: 600 / 600 [100%]  (Sampling)
Chain 1: 
Chain 1:  Elapsed Time: 26.671 seconds (Warm-up)
Chain 1:                22.306 seconds (Sampling)
Chain 1:                48.977 seconds (Total)
Chain 1: 
警告信息:
1: There were 10 divergent transitions after warmup. See
https://mc-stan.org/misc/warnings.html#divergent-transitions-after-warmup
to find out why this is a problem and how to eliminate them. 
2: Examine the pairs() plot to diagnose sampling problems
 
3: Tail Effective Samples Size (ESS) is too low, indicating posterior variances and tail quantiles may be unreliable.
Running the chains for more iterations may help. See
https://mc-stan.org/misc/warnings.html#tail-ess 
警告信息:
1: There were 13 divergent transitions after warmup. See
https://mc-stan.org/misc/warnings.html#divergent-transitions-after-warmup
to find out why this is a problem and how to eliminate them. 
2: Examine the pairs() plot to diagnose sampling problems
 
3: Bulk Effective Samples Size (ESS) is too low, indicating posterior means and medians may be unreliable.
Running the chains for more iterations may help. See
https://mc-stan.org/misc/warnings.html#bulk-ess 
4: Tail Effective Samples Size (ESS) is too low, indicating posterior variances and tail quantiles may be unreliable.
Running the chains for more iterations may help. See
https://mc-stan.org/misc/warnings.html#tail-ess 
    gene dense_NUTS sparse_NUTS
 SCGB2A2      1.175       1.181
     B2M      0.248       0.282
   HLA-B     -0.970      -0.985
    TPT1     -0.084      -0.104
  TMSB10     -1.015      -0.999
   HLA-C      0.609       0.547
   ACTG1      0.880       0.861
   ERBB2      0.852       0.837
    DDX5      2.339       2.311
   HLA-A     -0.426      -0.379
    GNAS      1.041       1.040
   PSMB3      0.061       0.098
    ACTB      0.538       0.509
 HLA-DRA     -0.838      -0.827
    FTH1      0.162       0.181

  eta:  dense = 0.154   sparse = 0.157
  max|d beta| = 0.0615 | cor(beta) = 0.9996 | top10 rank agreement = 10/10

== EQUIVALENCE PASS: sparse == dense within MCMC error ==
