== Covariate-scale (near-separation) diagnostic ==
replicates=50 | eta=0.4,1.6,2.8 | xsd=1,0.75,0.5,0.35,0.25

  eta=0.4 done (0.4 min elapsed)
  eta=1.6 done (0.9 min elapsed)
  eta=2.8 done (1.3 min elapsed)

Wrote /Users/licheng/Documents/DiSTect/repro/paper_reproduce/output/covariate_scale_raw_n50.csv 
Wrote /Users/licheng/Documents/DiSTect/repro/paper_reproduce/output/covariate_scale_aggregate_n50.csv 

Paper targets: eta absBias ~ 0.087/0.083/0.095 ; eta SD ~ 0.044-0.070

 eta_true  xsd lp_sd disease_rate eta_mean eta_signed eta_absBias eta_empSD
      0.4 1.00  7.42        0.511    0.462      0.062       0.244     0.293
      0.4 0.75  5.56        0.515    0.393     -0.007       0.178     0.250
      0.4 0.50  3.71        0.525    0.504      0.104       0.219     0.252
      0.4 0.35  2.60        0.523    0.410      0.010       0.137     0.176
      0.4 0.25  1.85        0.533    0.409      0.009       0.121     0.154
      1.6 1.00  7.42        0.544    1.694      0.094       0.202     0.236
      1.6 0.75  5.56        0.561    1.702      0.102       0.207     0.245
      1.6 0.50  3.71        0.590    1.627      0.027       0.138     0.175
      1.6 0.35  2.60        0.624    1.679      0.079       0.131     0.170
      1.6 0.25  1.85        0.659    1.642      0.042       0.119     0.146
      2.8 1.00  7.42        0.585    3.037      0.237       0.361     0.397
      2.8 0.75  5.56        0.611    2.981      0.181       0.236     0.239
      2.8 0.50  3.71        0.670    2.931      0.131       0.247     0.297
      2.8 0.35  2.60        0.740    2.909      0.109       0.172     0.180
      2.8 0.25  1.85        0.805    2.910      0.110       0.186     0.212
 eta_meanSE beta_infl  n
      0.280     1.085 50
      0.239     1.081 50
      0.197     1.070 50
      0.169     1.050 50
      0.147     1.024 50
      0.301     1.067 50
      0.256     1.076 50
      0.200     1.028 50
      0.173     1.059 50
      0.149     1.032 50
      0.364     1.085 50
      0.308     1.040 50
      0.249     1.043 50
      0.213     1.036 50
      0.192     1.025 50
