== Eta generation grid diagnostic ==
replicates=50 | eta=0.4,1.6,2.8 | sweeps=20,100,500,2000 | updates=parallel,checkerboard
Wrote /Users/licheng/Documents/DiSTect/repro/paper_reproduce/output/eta_generation_grid_raw_n50.csv 
Wrote /Users/licheng/Documents/DiSTect/repro/paper_reproduce/output/eta_generation_grid_aggregate_n50.csv 

 eta_true sweeps       update gen_scale fit_scale eta_hat.mean eta_hat.sd
      0.4     20 checkerboard       avg       avg   0.47483118 0.29008431
      1.6     20 checkerboard       avg       avg   1.74336160 0.29922418
      2.8     20 checkerboard       avg       avg   2.96558562 0.32980883
      0.4    100 checkerboard       avg       avg   0.46436125 0.32419257
      1.6    100 checkerboard       avg       avg   1.70239182 0.30012779
      2.8    100 checkerboard       avg       avg   3.10580236 0.46667032
      0.4    500 checkerboard       avg       avg   0.50815918 0.28447493
      1.6    500 checkerboard       avg       avg   1.70121094 0.34730143
      2.8    500 checkerboard       avg       avg   3.14754434 0.41266276
      0.4   2000 checkerboard       avg       avg   0.42299214 0.34800301
      1.6   2000 checkerboard       avg       avg   1.74226633 0.32044752
      2.8   2000 checkerboard       avg       avg   3.06240138 0.38364224
      0.4     20     parallel       avg       avg   0.43552479 0.31319677
      1.6     20     parallel       avg       avg   1.62899977 0.30785201
      2.8     20     parallel       avg       avg   2.88943307 0.40570864
      0.4    100     parallel       avg       avg   0.36817005 0.27377797
      1.6    100     parallel       avg       avg   1.69982998 0.26141880
      2.8    100     parallel       avg       avg   2.95421423 0.36162908
      0.4    500     parallel       avg       avg   0.41968072 0.26539284
      1.6    500     parallel       avg       avg   1.65553164 0.30664282
      2.8    500     parallel       avg       avg   2.87439684 0.40890710
      0.4   2000     parallel       avg       avg   0.41415739 0.29861220
      1.6   2000     parallel       avg       avg   1.67690703 0.25596871
      2.8   2000     parallel       avg       avg   2.83262335 0.35086512
      0.4     20 checkerboard       sum       sum   0.44368300 0.09927897
      1.6     20 checkerboard       sum       sum   1.77949107 0.21765882
      2.8     20 checkerboard       sum       sum   3.51222842 0.75554712
      0.4    100 checkerboard       sum       sum   0.41811033 0.07562314
      1.6    100 checkerboard       sum       sum   1.79802997 0.18933282
      2.8    100 checkerboard       sum       sum   3.54748642 0.74485272
      0.4    500 checkerboard       sum       sum   0.44663730 0.09455487
      1.6    500 checkerboard       sum       sum   1.76866372 0.16662986
      2.8    500 checkerboard       sum       sum   3.47566197 0.68877144
      0.4   2000 checkerboard       sum       sum   0.41757742 0.07441638
      1.6   2000 checkerboard       sum       sum   1.80777799 0.23288204
      2.8   2000 checkerboard       sum       sum   3.63013774 0.57404255
      0.4     20     parallel       sum       sum   0.40944486 0.08014707
      1.6     20     parallel       sum       sum   1.50596345 0.20665750
      2.8     20     parallel       sum       sum   2.59079004 0.46995588
      0.4    100     parallel       sum       sum   0.42123801 0.08899427
      1.6    100     parallel       sum       sum   1.56188682 0.19770050
      2.8    100     parallel       sum       sum   2.58242907 0.39835243
      0.4    500     parallel       sum       sum   0.43667597 0.06226344
      1.6    500     parallel       sum       sum   1.57901406 0.17194946
      2.8    500     parallel       sum       sum   2.68917678 0.60227442
      0.4   2000     parallel       sum       sum   0.43150953 0.08862412
      1.6   2000     parallel       sum       sum   1.52175139 0.16076905
      2.8   2000     parallel       sum       sum   2.56757134 0.42645977
 eta_abs_bias.mean eta_abs_bias.sd disease_rate.mean disease_rate.sd
        0.24754323      0.16533203        0.51551111      0.01634837
        0.26214171      0.20096370        0.54473333      0.01355041
        0.28092874      0.23710849        0.58451111      0.02068177
        0.26713543      0.19107600        0.50951111      0.01837868
        0.22902133      0.21737880        0.54528889      0.01538219
        0.41159023      0.37462107        0.57931111      0.02259092
        0.25095432      0.16911476        0.51088889      0.01724981
        0.27440852      0.23288242        0.54335556      0.01878857
        0.44030093      0.30938864        0.58653333      0.02288319
        0.28771958      0.19280436        0.50913333      0.02009713
        0.26634211      0.22572892        0.54271111      0.01930665
        0.35527458      0.29773328        0.58224444      0.01543930
        0.26207961      0.17115055        0.51620000      0.01780906
        0.26143235      0.16090152        0.54504444      0.01535867
        0.29282289      0.29200319        0.58500000      0.01880433
        0.21109476      0.17469342        0.50864444      0.01884721
        0.22159802      0.16852705        0.54795556      0.01569160
        0.31081429      0.23762556        0.57902222      0.02049973
        0.20362506      0.16887642        0.50971111      0.01851478
        0.23728366      0.19930862        0.54433333      0.01974548
        0.32641974      0.25323611        0.58651111      0.02222223
        0.23755125      0.17830178        0.51031111      0.01947800
        0.20173377      0.17328683        0.54160000      0.01877069
        0.29622607      0.18614950        0.58300000      0.01636576
        0.08403612      0.06780316        0.54871111      0.01722257
        0.20413642      0.19423640        0.71260000      0.01706716
        0.77657451      0.68782100        0.87666667      0.01545970
        0.05644544      0.05293796        0.54064444      0.01924513
        0.21262041      0.17243280        0.71302222      0.01703233
        0.77827616      0.71194734        0.87517778      0.01297828
        0.08228980      0.06519388        0.54237778      0.01922406
        0.18472889      0.14823068        0.70868889      0.01778301
        0.70505683      0.65802110        0.88048889      0.01293073
        0.06518071      0.03895946        0.54153333      0.02005773
        0.24371744      0.19410409        0.71246667      0.02107144
        0.83931038      0.56026698        0.88415556      0.01436803
        0.06709957      0.04382170        0.54746667      0.01895087
        0.18584571      0.12840235        0.70877778      0.01709318
        0.42366210      0.28699816        0.87840000      0.01481754
        0.06876472      0.05962507        0.54271111      0.01889777
        0.15944278      0.12094185        0.71028889      0.01747735
        0.37022596      0.25908160        0.87346667      0.01321688
        0.05915976      0.04096354        0.54293333      0.01815745
        0.13963823      0.10059445        0.71133333      0.01888155
        0.49074023      0.35989738        0.88128889      0.01361635
        0.07690388      0.05322070        0.54524444      0.02011937
        0.15061173      0.09459206        0.71095556      0.02178714
        0.40606671      0.26217980        0.88288889      0.01491726
