Wrote /Users/licheng/Documents/DiSTect/repro/paper_reproduce/output/sim2_advi_key_comparison_n200.csv 

 sigma2 rho param target_avgBias    avgBias delta_avgBias target_avgCI avgCI
    0.1 0.1 beta1          0.303 0.06000976    -0.2429902        0.955 0.920
    0.1 0.1 beta2          0.331 0.09687019    -0.2341298        0.940 0.955
    0.1 0.1 beta3          0.398 0.13454807    -0.2634519        0.955 0.915
    0.1 0.1 beta4          0.494 0.19262558    -0.3013744        0.965 0.865
    0.1 0.1 beta5          0.469 0.22229410    -0.2467059        0.950 0.910
    0.1 0.1   eta          0.076 0.37323763     0.2972376        0.945 0.780
    0.1 0.4 beta1          0.362 0.05314808    -0.3088519        0.940 0.945
    0.1 0.4 beta2          0.481 0.09908340    -0.3819166        0.950 0.940
    0.1 0.4 beta3          0.452 0.14242308    -0.3095769        0.945 0.900
    0.1 0.4 beta4          0.568 0.18728762    -0.3807124        0.955 0.870
    0.1 0.4 beta5          0.524 0.22864566    -0.2953543        0.935 0.890
    0.1 0.4   eta          0.089 0.37399236     0.2849924        0.940 0.790
    0.4 0.1 beta1          0.288 0.06041970    -0.2275803        0.950 0.940
    0.4 0.1 beta2          0.351 0.08608511    -0.2649149        0.940 0.950
    0.4 0.1 beta3          0.424 0.11601481    -0.3079852        0.940 0.930
    0.4 0.1 beta4          0.412 0.15749722    -0.2545028        0.950 0.920
    0.4 0.1 beta5          0.459 0.19293783    -0.2660622        0.955 0.925
    0.4 0.1   eta          0.083 0.33328957     0.2502896        0.935 0.760
    0.4 0.4 beta1          0.371 0.05544642    -0.3155536        0.945 0.965
    0.4 0.4 beta2          0.323 0.08554092    -0.2374591        0.955 0.975
    0.4 0.4 beta3          0.511 0.10503487    -0.4059651        0.930 0.955
    0.4 0.4 beta4          0.493 0.14449979    -0.3485002        0.950 0.920
    0.4 0.4 beta5          0.551 0.17077681    -0.3802232        0.945 0.930
    0.4 0.4   eta          0.081 0.37531601     0.2943160        0.950 0.725
 delta_avgCI
      -0.035
       0.015
      -0.040
      -0.100
      -0.040
      -0.165
       0.005
      -0.010
      -0.045
      -0.085
      -0.045
      -0.150
      -0.010
       0.010
      -0.010
      -0.030
      -0.030
      -0.175
       0.020
       0.020
       0.025
      -0.030
      -0.015
      -0.225
